true	0.5856
false	0.3689
false	0.3373
false	0.4494
false	0.4296
false	0.4145
false	0.4770
true	0.5786
true	0.6688
true	0.5359
false	0.4440
true	0.5642
false	0.3039
false	0.3920
true	0.5490
true	0.5038
false	0.4911
false	0.3908
true	0.6327
true	0.5868
true	0.5606
true	0.5443
true	0.5163
false	0.4943
false	0.4524
false	0.4770
false	0.4835
true	0.7392
false	0.4129
true	0.5779
true	0.5499
false	0.4674
false	0.4585
true	0.6401
false	0.4115
true	0.6009
false	0.4705
false	0.4701
true	0.5454
true	0.5749
false	0.3619
true	0.5219
false	0.3923
false	0.4137
false	0.4254
true	0.6467
true	0.6299
true	0.6359
true	0.5113
false	0.3392
true	0.7094
false	0.2178
false	0.4810
true	0.6674
true	0.5585
true	0.5070
false	0.4346
true	0.6359
false	0.3182
false	0.4351
false	0.3923
false	0.3716
false	0.3444
false	0.3091
false	0.2632
false	0.4215
true	0.5889
false	0.3313
true	0.5328
false	0.3273
false	0.4536
false	0.3295
false	0.1993
false	0.2284
false	0.0799
false	0.3826
false	0.4607
false	0.3489
false	0.1051
true	0.5704
false	0.2874
true	0.6008
false	0.4726
false	0.1060
false	-0.0707
false	0.1285
false	0.3396
false	0.2713
false	0.0324
false	0.1377
false	0.1027
false	0.0875
false	0.0153
false	0.2280
false	0.3302
false	0.4203
false	0.2883
false	0.2469
false	0.1412
false	0.1648
false	0.1487
false	0.3892
false	0.0656
false	0.2460
false	0.1961
false	0.2144
false	0.1854
true	0.7333
false	0.2910
true	0.5452
false	0.3748
true	0.5262
true	0.5107
false	0.3417
false	0.4905
true	0.6604
false	0.4947
false	0.1368
false	0.3007
false	0.4744
false	0.3364
false	0.4797
true	0.6369
false	0.4585
false	0.0376
false	0.0518
false	0.0694
false	0.3107
false	0.4232
true	0.6747
false	0.4361
true	0.5113
false	0.3500
false	0.3817
false	0.2481
true	0.6277
false	0.4592
false	0.4026
false	0.4975
false	0.3914
false	0.3494
false	0.4548
true	0.6691
false	0.4916
false	0.3136
false	0.2934
false	0.1877
false	0.0720
false	0.0737
false	-0.0196
false	0.3588
false	0.1487
true	0.5012
false	0.0059
false	0.4258
false	0.3186
true	0.5808
false	0.0706
false	-0.0045
false	0.3294
true	0.7150
false	0.0673
false	-0.1311
false	0.0281
false	0.0689
false	0.2219
false	0.1082
false	0.0991
true	1.0000
false	0.1234
false	0.1253
false	0.0479
false	0.0225
false	0.1941
false	0.2201
false	0.2518
false	0.0103
false	0.1592
false	-0.0171
false	-0.0288
false	0.2128
false	0.0241
false	0.0376
false	0.0651
false	0.1016
false	0.1165
false	0.1098
false	0.3351
false	0.4534
false	0.1131
false	0.0842
false	0.1767
false	0.0423
false	0.1369
false	0.2928
false	0.4068
true	0.5005
false	0.4822
false	0.4430
false	0.4326
false	0.3396
true	0.7320
false	0.0373
false	0.4313
false	0.3777
true	0.6044
false	0.4860
false	0.3679
true	0.5108
true	0.5401
false	0.4078
false	0.4797
false	0.4735
true	0.5701
true	0.6517
false	0.4581
true	0.5003
true	0.5041
false	0.4178
false	0.4583
false	0.3912
false	0.4551
false	0.4584
true	0.5073
true	0.5402
true	0.7115
true	0.5677
false	0.3344
false	0.3630
false	0.4725
true	0.5669
true	0.5223
false	0.3444
true	0.5313
true	0.5323
true	0.5717
true	0.5677
true	0.5377
true	0.5019
true	0.6435
true	0.5303
false	0.4862
true	0.6584
true	0.6167
true	0.6417
true	0.6084
true	0.6235
true	0.5884
true	0.5238
true	0.5420
true	0.5639
true	0.5789
true	0.5388
false	0.0660
false	0.0957
false	0.4096
false	0.2757
false	0.3466
false	0.2801
false	0.1434
false	0.0776
false	-0.0197
true	0.5241
false	0.3613
false	0.2208
false	-0.0111
true	0.5074
false	0.3436
false	0.1048
false	0.4257
true	0.5771
false	0.3981
false	0.4002
false	0.0403
false	0.0082
false	0.2402
false	0.0974
false	0.3453
false	0.4656
false	0.4054
false	0.2724
false	0.3904
false	0.3351
false	0.3897
true	0.5444
true	0.5474
false	0.2979
false	0.3538
false	0.3823
false	0.2323
false	0.3056
false	0.4936
false	0.3005
false	0.2906
false	0.1986
false	0.3958
false	0.2488
false	0.4923
true	0.5292
false	0.4752
false	0.4278
false	0.4341
true	0.5553
false	0.4497
false	0.4260
false	0.4304
false	0.3195
false	0.3917
false	0.2999
false	0.2900
true	0.5108
false	0.3803
false	0.4923
true	0.5359
true	0.6650
true	0.5976
true	0.6012
true	0.5518
true	0.5974
true	0.6035
true	0.6421
false	0.4926
false	0.4911
false	0.4395
false	0.4586
false	0.3689
false	0.4057
false	0.4273
false	0.3465
false	0.4782
true	0.5220
true	0.6104
false	0.4687
true	0.5346
false	0.4178
true	0.5460
true	0.5501
true	0.6648
true	0.5021
true	0.5881
true	0.6835
true	0.5040
true	0.5426
false	0.4445
false	0.2375
false	0.2430
false	0.2995
false	0.2754
false	0.2563
false	0.1851
false	0.3004
false	0.4356
false	0.3262
false	0.3042
false	0.1463
false	0.2943
false	0.3198
true	0.6826
false	0.4236
true	0.5226
false	0.3346
false	0.1598
false	0.3251
false	0.1176
false	0.3193
false	0.2602
false	0.3058
true	0.7395
true	0.8218
true	0.6345
true	0.7545
true	0.9194
true	0.7016
true	0.7930
true	0.5954
true	0.7697
true	0.7882
true	0.6757
true	0.6628
true	0.5667
true	0.7463
true	0.6008
true	0.6644
true	0.5946
true	0.7432
true	0.8644
true	0.8770
true	0.6572
true	0.8644
true	0.8653
true	0.5207
true	0.7446
true	0.7623
true	0.7412
true	0.9667
true	0.8033
true	0.7793
true	0.5607
true	0.9608
true	0.7654
true	0.6920
true	0.7288
true	0.6716
true	0.7133
true	0.9169
true	0.8405
true	0.8217
true	0.7445
true	0.8056
true	0.6359
true	0.5943
false	0.0687
false	0.0879
false	-0.0301
false	-0.0009
true	0.7255
true	0.7755
false	0.3951
false	0.3028
true	0.7657
false	0.2467
false	0.2003
false	0.3931
false	0.2576
false	0.2817
false	0.3096
false	0.2900
false	0.4643
false	0.3156
false	0.2898
false	0.2882
false	0.1603
false	0.1030
false	0.1693
true	0.5461
false	0.4237
true	0.6722
true	0.6663
false	0.3761
true	0.5524
false	0.4898
true	0.5897
true	0.5095
false	0.3501
true	0.5183
true	0.6241
true	0.5420
false	0.3624
false	0.3946
false	0.4544
false	0.4875
true	0.6531
true	0.5715
false	0.4706
false	0.2938
false	0.3390
true	0.6506
false	0.3818
false	0.4508
false	0.2041
false	0.1584
true	0.6947
false	0.2070
true	0.7094
false	0.4901
false	0.4689
true	0.5679
true	0.5712
true	0.6331
false	0.4301
false	0.1396
false	0.2032
false	0.2021
false	0.2459
false	0.1979
false	0.4273
false	0.4689
false	0.1965
false	0.2695
false	0.2325
true	0.6179
false	0.4233
false	0.4782
false	0.2427
false	0.2913
true	0.5338
false	0.1318
false	0.0697
false	0.2563
false	0.1714
false	0.0884
false	0.2925
false	0.0975
false	0.4103
false	0.2975
false	0.1809
false	0.1833
false	0.0028
false	0.1124
false	0.2917
false	0.2427
false	0.2352
false	0.1088
false	0.3179
false	0.1251
false	0.0733
false	0.0482
false	0.1644
false	0.0665
false	0.0864
false	0.3137
false	0.0635
false	0.1050
false	0.4345
false	0.2968
false	0.3134
false	0.4973
true	0.5359
false	0.3259
false	0.4318
false	0.4090
false	0.3980
false	0.3310
false	0.3092
false	0.3295
false	0.3833
false	0.4865
false	0.3754
true	0.7377
false	0.3810
false	0.2491
true	0.7007
false	0.3398
true	0.5155
false	0.4127
true	0.5836
false	0.1667
true	0.7954
true	0.5969
false	0.3408
false	0.2427
true	0.6105
true	0.6954
false	0.4455
true	0.5245
true	0.5533
true	0.6971
false	0.4731
true	0.5543
true	0.6489
true	0.8790
true	0.6957
true	0.7266
true	0.6486
true	0.7825
true	0.6358
true	0.7455
false	0.3207
true	0.5592
false	0.2092
false	0.1147
false	0.4113
false	0.3398
false	0.3845
false	0.3819
false	0.3832
false	0.3307
false	0.3376
false	0.4592
false	0.0312
false	0.0382
false	-0.0926
true	0.5769
false	0.3581
false	0.3787
false	0.4246
false	0.4408
false	0.3350
false	0.2837
false	-0.0899
false	0.4042
false	0.4597
false	0.3786
false	0.4059
false	0.1578
true	0.5482
false	0.1345
true	0.5493
false	0.3542
false	0.4979
false	0.3763
false	0.1901
false	0.2902
true	0.7078
false	0.3496
false	0.3318
false	0.1863
false	-0.0161
false	0.1890
false	0.3762
false	0.1357
false	0.1568
false	0.2388
true	0.5342
false	0.3723
false	0.2057
false	0.4080
false	0.1453
false	0.1821
false	0.1331
false	0.0930
false	0.0244
false	0.0848
false	0.3019
false	0.0669
false	0.1856
false	0.3105
false	0.1178
false	0.1084
false	0.2481
false	0.1322
false	0.1373
false	0.3772
false	0.0743
false	0.2330
false	0.1497
false	-0.0150
false	0.2427
true	0.5697
false	0.3690
false	0.3218
false	0.3408
true	0.5281
false	0.3940
true	0.5821
false	0.4430
true	0.8322
true	0.6502
true	0.6294
true	0.5814
false	0.2724
true	0.7245
true	0.7104
true	0.5721
false	0.2662
false	0.5000
false	0.3721
false	0.4595
true	0.6092
false	0.0969
true	0.5670
false	0.1712
false	0.2562
true	0.6431
true	0.5645
true	0.6314
true	0.5239
true	0.5525
true	0.5167
false	0.3054
false	0.4510
true	0.6413
false	0.4983
true	0.5213
true	0.5306
false	0.4468
false	0.4193
true	0.5127
true	0.5229
false	0.4633
false	0.4615
false	0.4053
true	0.6844
true	0.5197
true	0.5168
true	0.6512
false	0.3691
false	0.4761
true	0.7228
true	0.8315
true	0.7521
true	0.6768
true	0.7434
true	0.7381
true	0.9239
true	0.8018
true	0.6233
true	0.5712
true	0.5700
true	0.7565
true	0.6814
true	0.5045
true	0.5552
true	0.8108
true	0.6285
true	0.6326
true	0.5730
true	0.6951
true	0.5658
true	0.8177
true	0.7068
true	0.6204
false	0.4948
true	0.5238
true	0.7645
true	0.7341
false	0.0612
false	0.1991
false	0.1835
false	0.0482
false	0.0056
false	0.1713
false	-0.0517
false	0.2064
false	0.0100
false	0.0117
false	0.0098
false	0.3397
false	0.0235
false	0.0858
true	0.6794
false	0.0023
false	0.1255
false	0.0606
false	0.1217
false	0.1179
false	0.0582
false	0.0833
false	0.0406
false	0.2820
false	0.2501
false	0.1112
false	0.1598
false	0.1006
false	0.4308
false	0.3489
false	0.2736
false	0.4154
false	0.3249
false	0.2841
false	0.3464
false	0.3479
false	0.4438
true	0.6056
true	0.6890
true	0.6011
false	0.3221
false	0.4546
false	0.3621
false	0.3077
false	0.2666
false	0.3347
false	0.2745
false	0.4971
false	0.3411
false	0.2523
false	0.4155
true	0.6083
false	0.3883
false	0.4831
false	0.4867
false	0.4255
true	0.5549
false	0.4705
true	0.5023
false	0.4542
false	0.4989
true	0.5068
false	0.3859
false	0.4268
true	0.5108
false	0.3697
true	0.5383
false	0.3210
true	0.6497
false	0.4598
false	0.3870
false	0.4626
false	0.4903
true	0.5188
true	0.6005
true	0.5997
true	0.5700
true	0.5316
false	0.3702
true	0.5664
false	0.4130
true	0.6202
false	0.4635
false	0.4038
false	0.4261
false	0.4372
false	0.4884
false	0.3428
false	0.4555
true	0.5041
false	0.4647
false	0.3545
false	0.4907
false	0.4912
true	0.7275
true	0.6560
false	0.4574
false	0.4927
true	0.5203
false	0.4576
false	0.4824
true	0.5294
true	0.5328
true	0.7168
false	0.2477
false	0.3734
false	0.4142
true	0.5388
false	0.4453
false	0.4915
false	0.4123
false	0.3566
false	0.3173
false	0.4242
false	0.4211
false	0.4376
false	0.4181
false	0.3709
false	0.3814
false	0.2106
false	0.2570
false	0.3804
false	0.2877
false	0.4945
false	0.3736
false	0.4563
false	0.3660
true	0.5356
true	0.6338
true	0.6228
true	0.7084
true	0.6029
true	0.6099
true	0.6876
true	0.6258
true	0.7265
true	0.7238
true	0.6522
false	0.4626
false	0.4966
false	0.4532
true	0.7580
true	0.9194
true	0.5442
true	0.6489
false	0.3852
false	0.4938
true	0.5666
true	0.6638
true	0.5394
true	0.5883
false	0.1259
false	0.1392
false	0.3188
false	0.0560
false	0.2081
false	0.3207
false	0.0808
false	0.0450
false	0.2448
false	0.3081
false	0.4128
false	0.4315
false	0.2627
false	0.3126
false	0.2633
false	0.4091
false	0.4606
false	0.4214
false	0.4229
false	0.2114
true	0.6296
true	0.5061
false	0.3587
false	0.3748
false	0.4267
false	0.2931
true	0.5490
false	0.4933
true	0.6138
false	0.3975
false	0.4069
false	0.4152
false	0.3164
false	0.2759
false	0.3942
false	0.2647
true	0.6102
false	0.4749
false	0.3546
false	0.3633
false	0.4241
false	0.4222
false	0.3519
false	0.3079
false	0.1021
false	0.1351
false	0.0971
false	0.0380
false	-0.0191
false	0.2530
false	0.1405
false	0.0610
false	-0.0373
false	0.0855
false	0.1188
false	0.0105
false	0.0845
false	-0.0037
false	0.1367
false	0.4476
false	0.1470
false	0.0081
false	0.2252
false	0.2277
true	0.7230
false	0.2920
false	0.3291
false	0.1750
false	0.1035
true	0.5903
true	0.7506
false	0.2960
false	0.3299
false	0.4451
false	0.3052
false	0.2273
false	0.3804
false	0.2197
false	0.3108
false	0.3774
false	0.2701
true	0.6163
false	0.3018
false	0.4650
false	0.2537
false	0.2130
false	0.0694
false	0.0111
false	-0.0793
false	0.1526
false	-0.0060
false	0.0153
false	-0.0022
false	-0.0525
false	-0.0104
false	-0.0099
false	0.1104
false	0.1021
false	-0.0890
false	0.1103
true	0.5002
false	0.0085
false	0.0647
false	0.0614
false	0.0400
false	0.0326
false	-0.0441
false	0.0652
false	0.0510
false	0.1038
false	0.1702
false	-0.0833
false	0.0507
false	-0.0527
false	0.1961
