false	0.1580
false	0.1981
true	0.7341
true	0.5699
true	0.7378
false	0.4775
false	0.0069
false	0.3753
false	0.1410
true	0.5392
true	0.7693
true	0.9746
true	0.7740
false	0.3150
true	0.5650
true	0.9567
true	0.5296
true	0.6385
false	0.2454
false	0.1056
true	0.7950
false	0.4980
true	0.6906
true	0.8779
true	0.7808
false	0.0750
true	0.9531
false	0.4308
false	0.1633
false	0.4620
true	0.7219
false	0.0744
true	0.6034
false	0.2788
false	0.1586
true	0.8832
false	0.4377
false	0.4890
false	0.2750
false	0.3295
false	0.0552
true	0.9094
true	0.6390
false	0.4584
false	0.2735
false	0.1274
false	0.1643
true	0.8967
true	0.5812
false	0.3092
true	0.9100
true	0.8307
true	0.8323
false	0.2091
true	0.8555
false	0.2783
false	0.1409
false	0.2074
true	0.5167
false	0.4356
false	0.1741
false	0.2804
true	0.5359
false	0.4270
true	0.8961
true	0.7497
true	0.6218
true	0.5115
false	0.3860
true	0.8661
true	0.7557
false	0.2778
false	0.1864
false	0.3191
false	0.0791
false	0.4709
true	0.5084
true	0.8564
false	0.2775
false	0.0863
false	0.3028
true	0.9129
false	0.2291
true	0.7285
false	0.3194
false	0.4523
true	0.6904
true	0.9273
false	0.0357
true	0.9896
false	0.4667
true	0.9396
true	0.7975
false	0.0084
true	0.6123
true	0.8231
false	0.3299
false	0.3197
true	0.8422
false	0.1390
false	0.2644
true	0.9465
false	0.3653
false	0.2837
false	0.3339
true	0.8119
true	0.5685
true	0.6276
true	0.6422
false	0.2438
true	0.6986
false	0.4071
true	0.5931
true	0.9273
true	0.7968
true	0.7162
false	0.3907
true	0.5149
true	0.7391
true	0.9707
false	0.1576
true	0.8324
true	0.6275
false	0.1004
false	0.1075
false	0.3009
true	0.6382
false	0.1551
false	0.3144
true	0.9312
true	0.7206
false	0.4108
true	0.5303
false	0.0438
true	0.5604
false	0.1958
false	0.0963
false	0.1294
false	0.2005
true	0.6006
false	0.3300
false	0.3748
true	0.6116
false	0.3880
false	0.3022
true	0.5493
true	0.5509
false	0.1135
false	0.0001
true	0.6393
true	0.5358
false	0.0133
false	0.1701
false	0.2119
true	0.5016
false	0.3241
true	0.8799
true	0.7026
false	0.1645
true	0.9156
false	0.2673
true	0.9216
false	0.4179
false	0.2319
false	0.4131
true	0.8057
true	0.5306
true	0.7259
true	0.7603
true	0.8431
true	0.8626
false	0.0879
true	0.5140
false	0.1390
false	0.3464
true	0.6751
false	0.1274
true	0.9969
false	0.1014
false	0.0100
false	0.4495
true	0.9598
true	0.6549
false	0.3035
false	0.0270
true	0.5867
false	0.3391
true	0.7238
false	0.3914
true	0.8005
true	0.7065
true	0.9709
false	0.0137
false	0.4750
false	0.0438
true	0.5896
false	0.1341
false	0.3728
true	0.6883
false	0.2344
false	0.0310
true	0.7943
false	0.0575
true	0.7671
false	0.1877
true	0.8177
false	0.4426
true	0.5127
true	0.5209
false	0.3906
true	0.7122
true	0.6971
false	0.3400
true	0.7373
true	0.5177
false	0.4647
false	0.1564
false	0.0219
false	0.1986
false	0.1118
true	0.5414
true	0.5269
true	0.5170
false	0.4302
true	0.9509
true	0.5100
false	0.2468
true	0.9987
false	0.2160
true	0.7999
false	0.4169
true	0.8821
true	0.8093
false	0.3924
true	0.7094
true	0.8800
true	0.5873
false	0.3335
false	0.4349
true	0.9079
true	0.9494
true	0.6255
true	0.7676
false	0.3059
false	0.0521
false	0.1272
false	0.3765
true	0.7670
false	0.1947
false	0.0280
true	0.5433
false	0.3137
false	0.1724
false	0.0479
true	0.5878
true	0.8648
true	0.8232
false	0.2066
true	0.8532
true	0.7837
false	0.2855
true	0.8422
false	0.4809
true	0.8190
false	0.1118
false	0.2612
false	0.1281
true	0.7032
false	0.4753
false	0.4598
false	0.2895
false	0.2643
false	0.2924
true	0.7577
false	0.3414
true	0.6192
false	0.1087
true	0.9205
true	0.9942
true	0.6363
false	0.4399
false	0.4758
false	0.2599
false	0.4924
false	0.3523
true	0.8614
false	0.1913
false	0.2931
true	0.8850
false	0.3231
false	0.0461
false	0.2794
true	0.5501
false	0.3268
true	0.6856
false	0.2332
false	0.0013
false	0.3307
true	0.6913
false	0.3867
false	0.4332
true	0.9092
true	0.7834
false	0.3890
true	0.9967
true	0.7774
false	0.3045
false	0.1795
false	0.4309
false	0.1905
false	0.1621
false	0.3164
true	0.6828
true	0.8613
false	0.0320
false	0.1188
true	0.5679
true	0.6559
true	0.9966
true	0.6056
true	0.9431
false	0.0787
true	0.5918
false	0.3830
false	0.0085
false	0.3714
false	0.1614
false	0.4193
true	0.5821
false	0.2027
false	0.1574
false	0.1467
false	0.4469
true	0.5307
true	0.5994
true	0.7560
true	0.8989
true	0.9261
true	0.7474
false	0.1198
true	0.9758
false	0.0795
false	0.2189
true	0.5297
false	0.3035
true	0.7392
false	0.3392
false	0.4485
true	0.5605
false	0.0933
true	0.9284
false	0.3060
false	0.1431
false	0.1868
false	0.1190
true	0.8799
true	0.5004
false	0.2085
true	0.9545
true	0.7960
true	0.9967
true	0.8430
true	0.5555
false	0.2920
true	0.9968
false	0.0238
false	0.3622
false	0.2036
false	0.3033
true	0.6490
true	0.9591
false	0.3743
true	0.6810
true	0.9896
true	0.8694
true	0.8122
false	0.1340
true	0.5222
true	0.9752
true	0.6869
false	0.4432
false	0.1385
false	0.2831
false	0.3659
true	0.6215
false	0.1850
true	0.8692
true	0.5932
false	0.0122
false	0.4685
true	0.7019
false	0.1055
true	0.8389
false	0.1021
false	0.4593
false	0.0430
false	0.2378
true	0.8765
true	0.6900
false	0.1250
false	0.4805
false	0.3408
true	0.6947
false	0.2286
false	0.3052
false	0.2883
true	0.5547
true	0.5571
true	0.9887
true	0.9009
false	0.1365
true	0.9773
false	0.3939
true	0.9558
true	0.7310
true	0.5281
true	0.5466
true	0.7383
false	0.0803
false	0.3364
true	0.6208
false	0.3487
true	0.6498
false	0.0197
true	0.6505
false	0.4519
true	0.9770
true	0.7871
false	0.1409
true	0.7738
false	0.0244
false	0.1941
false	0.3529
false	0.3164
true	0.7032
false	0.3073
false	0.2669
true	0.9831
false	0.0830
true	0.8639
false	0.3128
true	0.8454
true	0.9169
false	0.2932
false	0.1885
true	0.8593
true	0.7361
true	0.9118
true	0.5873
true	0.5367
false	0.4343
false	0.3333
false	0.3920
true	0.9029
false	0.3820
false	0.2018
false	0.4449
false	0.4748
true	0.8407
false	0.4329
true	0.8742
false	0.2906
false	0.3838
false	0.4659
true	0.9933
true	0.9956
false	0.3057
true	0.7390
false	0.0224
true	0.8148
false	0.3857
false	0.4461
true	0.5508
true	0.6739
false	0.3153
false	0.2442
true	0.9276
true	0.9362
true	0.5021
false	0.3527
false	0.2774
false	0.1821
false	0.3822
false	0.3710
true	0.8416
true	0.9275
false	0.4023
false	0.3337
false	0.4577
false	0.4601
false	0.1281
false	0.4496
false	0.0915
true	0.9127
false	0.2649
false	0.1703
false	0.4631
false	0.2914
false	0.0179
false	0.1017
true	0.8413
false	0.2830
true	0.6845
false	0.0675
false	0.2442
true	0.8455
true	0.5543
false	0.1355
true	0.9335
false	0.3954
false	0.3277
false	0.2291
true	0.7577
false	0.2647
false	0.0840
false	0.1662
false	0.0258
true	0.5187
true	0.8473
true	0.6233
false	0.3804
true	0.5615
false	0.2278
false	0.0605
true	0.8323
false	0.2913
false	0.1062
true	0.5366
true	0.9723
true	0.7326
true	0.5673
false	0.3240
true	0.6408
false	0.0862
true	0.6239
false	0.3502
false	0.3632
true	0.6895
false	0.3330
false	0.4556
false	0.1802
true	0.8757
true	0.9478
false	0.4312
true	0.7288
true	0.5061
true	0.5569
false	0.2170
false	0.4230
false	0.4334
false	0.1922
false	0.1223
false	0.1785
false	0.3702
true	0.8851
false	0.2635
false	0.3247
false	0.3852
false	0.3280
true	0.9648
true	0.5108
true	0.9043
false	0.1220
false	0.0549
false	0.4803
false	0.4236
false	0.2609
false	0.2951
true	0.9684
true	0.7543
true	0.9012
true	0.5823
false	0.1758
true	0.5709
true	0.6008
false	0.3458
false	0.2975
false	0.3656
true	0.9081
true	0.9058
false	0.3483
false	0.4270
false	0.4918
false	0.2031
false	0.2035
false	0.1115
true	0.6495
false	0.1744
true	0.8011
false	0.2841
true	0.8872
false	0.1701
false	0.2463
false	0.1391
true	0.5378
true	0.6531
true	0.8714
false	0.4480
true	0.5639
true	0.6122
true	0.5172
true	0.5863
true	0.5626
false	0.3589
false	0.4876
true	0.8123
false	0.4914
true	0.6151
true	0.7246
false	0.4256
true	0.6287
false	0.0143
true	0.6836
false	0.2638
true	0.7176
true	0.7173
false	0.2817
true	0.7163
true	0.6614
false	0.1922
false	0.0894
false	0.4842
true	0.5716
true	0.7683
true	0.7158
true	0.9801
false	0.2705
false	0.4180
true	0.9369
false	0.4113
false	0.1810
false	0.3099
false	0.2728
false	0.3096
true	0.6890
false	0.3825
false	0.3504
true	0.8383
true	0.8315
false	0.1966
true	0.8798
false	0.4790
true	0.8686
false	0.1562
true	0.7590
true	0.7435
false	0.2035
false	0.4638
false	0.3068
false	0.2191
true	0.8507
true	0.6667
true	0.5231
false	0.1882
true	0.6215
true	0.8803
true	0.8130
true	0.7037
false	0.1529
false	0.3111
false	0.4654
true	0.9935
false	0.2606
true	0.9264
false	0.3796
true	0.8348
false	0.3898
true	0.5465
false	0.0443
true	0.5548
false	0.2342
false	0.3957
false	0.1770
true	0.8586
false	0.4734
true	0.7193
false	0.3714
true	0.8158
true	0.6135
false	0.4795
false	0.3382
true	0.6098
true	0.9938
true	0.7763
true	0.7099
true	0.8252
false	0.1938
false	0.4799
true	0.8675
false	0.3807
false	0.1335
false	0.2210
false	0.4808
true	0.5678
false	0.4758
false	0.0498
true	0.6971
true	0.6908
true	0.9364
true	0.5319
false	0.4456
true	0.7601
true	0.9778
true	0.5556
true	0.6137
true	0.5396
false	0.3621
true	0.6694
true	0.8328
true	0.5631
false	0.4888
false	0.0244
true	0.5925
true	0.8902
false	0.1546
true	0.8588
false	0.1294
true	0.5154
true	0.5913
false	0.3515
false	0.4540
true	0.7901
true	0.6294
true	0.6084
true	0.6308
false	0.2639
true	0.5386
false	0.3114
false	0.1349
false	0.4329
false	0.2528
false	0.3543
false	0.3286
true	0.9401
true	0.9976
true	0.5275
false	0.1088
true	0.5046
true	0.8786
false	0.1797
false	0.4563
false	0.3437
false	0.2245
false	0.4523
true	0.8278
true	0.6891
false	0.3602
false	0.3539
false	0.1673
true	0.5532
true	0.8867
true	0.7396
true	0.9651
true	0.9784
true	0.5012
false	0.0800
false	0.4062
false	0.4554
false	0.2498
false	0.1123
false	0.1311
true	0.5862
false	0.2979
true	0.7570
false	0.4553
false	0.4947
true	0.7470
false	0.3700
false	0.0491
false	0.0284
false	0.0977
false	0.2840
false	0.4465
true	0.8384
false	0.4125
true	0.7682
true	0.8416
false	0.3669
true	0.8295
false	0.2924
true	0.9109
false	0.0070
true	0.9871
true	0.7647
false	0.1175
true	0.7740
true	0.6038
true	0.6603
true	0.7707
true	0.9853
true	0.7024
false	0.0866
true	0.9665
false	0.4639
true	0.8904
false	0.2280
true	0.8602
true	0.5393
false	0.1208
false	0.1630
false	0.0411
true	0.5864
true	0.7162
true	0.9025
true	0.9879
true	0.5634
false	0.4611
false	0.1483
false	0.1632
false	0.1482
false	0.1488
true	0.7779
true	0.7276
false	0.2261
true	0.8185
true	0.7790
false	0.2103
true	0.5529
true	0.6007
true	0.6648
true	0.5612
false	0.1654
false	0.4796
false	0.0588
true	0.5624
true	0.9800
true	0.7236
true	0.6818
false	0.4590
true	0.9424
true	0.5377
true	0.5192
true	0.5557
true	0.6717
true	0.7385
true	0.5773
true	0.9733
false	0.0039
false	0.0834
true	0.8100
false	0.4595
false	0.2314
true	0.7092
false	0.3308
true	0.9097
false	0.1374
true	0.7076
false	0.2227
false	0.2614
true	0.9946
false	0.1028
false	0.2411
false	0.0678
true	0.6167
true	0.8220
true	0.9349
false	0.2420
true	0.5324
true	0.6982
false	0.0867
true	0.7442
false	0.1811
false	0.3788
false	0.1206
true	0.5051
false	0.3507
true	0.5042
false	0.4859
false	0.3668
false	0.4155
true	0.6187
true	0.7886
false	0.3714
true	0.7088
false	0.4511
false	0.2934
false	0.2795
false	0.0209
true	0.6788
true	0.9163
false	0.4817
false	0.4458
false	0.3179
false	0.0606
true	0.9054
false	0.0784
true	0.6583
false	0.4155
true	0.5399
false	0.3800
true	0.9906
false	0.3359
true	0.6506
false	0.3205
false	0.3144
false	0.0503
false	0.3953
false	0.0579
true	0.7493
true	0.9251
true	0.7264
false	0.4364
true	0.8292
false	0.3733
true	0.8184
false	0.3964
true	0.7364
true	0.6556
false	0.4410
false	0.4444
true	0.9283
true	0.7280
false	0.0543
false	0.4856
false	0.3660
true	0.9832
false	0.4728
false	0.1778
true	0.8624
true	0.5748
false	0.3388
false	0.3464
true	0.5049
true	0.5236
false	0.1510
false	0.1418
false	0.4611
false	0.4779
true	0.5378
true	0.9981
false	0.4333
true	0.9265
false	0.1699
true	0.7374
false	0.1854
false	0.3996
false	0.2269
true	0.5766
true	0.7093
false	0.1389
true	0.8255
true	0.6491
true	0.8670
false	0.2399
true	0.9040
false	0.0053
true	0.8763
false	0.0120
false	0.0513
false	0.1539
false	0.4008
false	0.2936
true	0.9634
false	0.3913
true	0.6991
true	0.6812
false	0.0073
false	0.1822
true	0.8830
false	0.0822
true	0.5553
false	0.3570
true	0.5846
true	0.7035
false	0.3080
true	0.6599
true	0.9700
false	0.3410
false	0.4266
false	0.2091
false	0.0348
false	0.0837
