false	0.1837
false	0.3328
false	0.4031
false	0.2706
false	0.0819
false	0.1153
false	0.1093
false	0.0634
false	0.1837
false	0.3733
false	0.4031
false	0.3462
false	0.2925
false	0.1053
false	0.1076
false	0.4122
false	0.1106
false	0.0951
false	0.1371
false	0.3583
true	0.6201
false	0.3353
false	0.1342
false	0.4210
false	0.0459
false	0.1917
false	0.3462
false	0.4798
false	0.2694
false	0.1337
false	0.1235
false	0.1488
false	0.4399
true	0.8308
false	0.2443
false	0.2357
false	0.0559
false	0.0415
false	0.0532
false	0.2539
false	0.2080
false	0.0634
false	0.1052
false	0.0532
false	0.1235
true	0.8535
false	0.1423
false	0.2659
false	0.1744
false	0.1837
false	0.3352
false	0.1093
false	0.0969
false	0.1504
true	0.5670
false	0.2767
false	0.0510
true	0.9817
false	0.2526
false	0.2775
false	0.1416
false	0.2810
false	0.1517
false	0.0700
false	0.1494
false	0.1494
false	0.3173
false	0.1517
false	0.2214
false	0.1517
false	0.0888
false	0.1568
false	0.0375
false	0.0565
false	0.0614
false	0.0888
false	0.1769
false	0.3227
false	0.0644
false	0.3942
false	0.1004
false	0.3328
false	0.0375
false	0.0565
false	0.0437
false	0.1818
true	0.5035
false	0.2641
false	0.0700
false	0.2111
false	0.3326
true	0.5910
false	0.0644
false	0.1556
false	0.1416
false	0.4122
false	0.0146
false	0.4026
false	0.1098
false	0.1978
false	0.0607
false	0.1123
false	0.2114
false	0.1517
false	0.0226
false	0.1868
false	0.0614
false	0.4242
false	0.1543
false	0.1362
false	0.2903
false	0.1687
false	0.1506
false	0.0299
false	0.0359
false	0.1458
false	0.3345
false	0.1479
false	0.0437
false	0.3266
false	0.0377
false	0.1909
false	0.1298
false	0.3081
false	0.0614
false	0.0614
false	0.0105
false	0.1119
false	0.4531
false	0.1517
false	0.0667
false	0.2490
false	0.0700
false	0.1381
false	0.0377
false	0.1342
false	0.0866
false	0.0725
false	0.0607
false	0.0746
false	0.2111
false	0.1517
false	0.0299
false	0.0299
false	0.0952
false	0.1479
false	0.0312
false	0.0299
false	0.0299
false	0.0952
false	0.0947
false	0.1462
false	0.1305
false	0.1517
false	0.1305
false	0.1517
false	0.1933
false	0.1132
false	0.0682
false	0.0614
false	0.1933
false	0.0644
false	0.1879
false	0.2050
false	0.3271
false	0.4447
false	0.0375
false	0.3328
true	0.9789
false	0.0700
false	0.3656
false	0.0888
false	0.0667
false	0.0952
false	0.0682
false	0.1494
false	0.1698
false	0.0749
false	0.2413
false	0.1636
false	0.0700
false	0.0594
false	0.0746
false	0.0746
false	0.0565
false	0.0239
false	0.1835
false	0.3038
false	0.2537
false	0.1568
false	0.2845
true	0.5407
false	0.1892
false	0.0700
false	0.0594
false	0.1182
false	0.1837
false	0.4134
false	0.0871
false	0.1483
false	0.1033
false	0.1052
false	0.0614
false	0.0667
false	0.0949
false	0.1371
false	0.2159
false	0.0942
false	0.1517
false	0.2204
false	0.0667
false	0.1886
false	0.1029
false	0.2925
false	0.2797
false	0.1283
false	0.0226
false	0.1305
false	0.2204
false	0.0565
false	0.0312
false	0.0540
false	0.2350
false	0.0848
false	0.1488
true	0.5670
false	0.1354
false	0.1513
false	0.4329
false	0.1504
false	0.1488
false	0.1772
false	0.1320
false	0.2487
false	0.3536
false	0.1772
false	0.1498
true	0.6676
false	0.3194
false	0.1498
true	0.6477
false	0.1042
false	0.1498
false	0.0532
false	0.1537
false	0.1770
false	0.0532
false	0.3397
false	0.1235
false	0.3328
false	0.1837
false	0.4752
true	0.5789
true	0.5944
false	0.0239
false	0.4087
false	0.1416
true	0.6508
false	0.2487
false	0.0952
false	0.0952
true	0.7411
true	0.8068
true	0.5008
false	0.1902
false	0.0607
true	0.5201
false	0.1342
false	0.0189
false	0.2236
false	0.4569
false	0.3291
false	0.2709
false	0.1517
false	0.0644
false	0.1517
false	0.0667
false	0.2111
false	0.1911
false	0.1305
false	0.0428
false	0.2050
false	0.3107
false	0.1555
false	0.1915
true	0.6424
false	0.2111
false	0.0312
false	0.1006
false	0.1854
false	0.0226
false	0.0916
false	0.0940
false	0.1349
false	0.0380
false	0.1371
false	0.0377
false	0.1555
false	0.4122
false	0.2925
false	0.1481
false	0.1342
false	0.1504
false	0.0687
false	0.1416
false	0.0996
false	0.1073
true	0.6811
false	0.4117
false	0.0421
false	0.0677
false	0.2797
false	0.1053
false	0.1042
true	0.8979
true	0.5407
true	0.9729
true	0.5169
false	0.0559
false	0.2995
false	0.3697
false	0.1298
false	0.1052
false	0.1262
false	0.0423
false	0.0510
false	0.3397
false	0.2080
false	0.2945
false	0.0665
false	0.0559
false	0.2641
false	0.1488
false	0.0665
true	0.5121
false	0.4087
true	0.5121
true	0.7540
false	0.1371
false	0.1414
false	0.1837
false	0.2316
false	0.1354
false	0.1828
false	0.0680
false	0.0680
false	0.0540
false	0.0387
false	0.0784
false	0.0947
false	0.1001
false	0.0740
false	0.1473
false	0.1103
false	0.1416
false	0.0378
false	0.1465
false	0.2020
false	0.1517
false	0.0888
false	0.2920
false	0.1296
false	0.0677
false	0.0540
false	0.0332
false	0.0453
false	0.2980
false	0.3280
false	0.0403
true	0.9156
true	0.8465
true	0.9905
false	0.3483
true	0.7698
false	0.2149
true	0.9258
true	0.6367
true	0.6950
true	0.7497
false	0.0716
true	0.8243
false	0.1539
true	0.9695
false	0.1498
true	0.9143
true	0.8914
true	0.9897
false	0.2182
true	0.7826
true	0.8963
false	0.0733
true	0.9080
false	0.4576
true	0.5030
true	0.8585
true	0.5400
true	0.7698
true	0.6363
true	0.8336
true	0.7903
true	0.6619
true	0.7217
true	0.7114
true	0.9552
true	0.5821
true	0.8250
true	0.6440
true	0.7795
true	0.7698
false	0.3355
false	0.2576
false	0.0614
false	0.3366
false	0.0614
false	0.0614
false	0.3572
false	0.4087
false	0.1529
false	0.1055
false	0.1235
false	0.2316
false	0.3724
false	0.1479
false	0.0725
true	0.6532
false	0.0226
false	0.3788
false	0.3038
false	0.3271
false	0.0565
true	0.6596
false	0.4253
false	0.0793
false	0.0967
false	0.2214
false	0.0567
false	0.0239
false	0.4459
false	0.1517
false	0.0594
false	0.3153
false	0.0831
false	0.0931
false	0.0365
false	0.3326
false	0.1342
false	0.1645
false	0.1772
false	0.0189
false	0.1488
false	0.1342
false	0.1918
false	0.1416
false	0.1296
false	0.1488
false	0.0916
false	0.1933
false	0.1354
true	0.6750
false	0.0461
false	0.0684
true	0.7611
false	0.0559
true	0.9526
true	0.7478
false	0.3199
true	0.6749
true	0.6312
false	0.3786
false	0.1533
false	0.1504
false	0.1235
false	0.1116
false	0.0559
false	0.1235
true	0.5307
false	0.4132
false	0.1354
false	0.1354
false	0.4122
false	0.4122
false	0.4122
true	0.5008
false	0.1772
false	0.1504
true	0.8015
false	0.1488
false	0.2111
false	0.1465
false	0.0226
false	0.0888
false	0.0644
false	0.1517
false	0.2709
false	0.2709
true	0.6887
false	0.1533
false	0.0614
false	0.1814
false	0.1626
false	0.1296
false	0.0146
false	0.0189
false	0.4087
false	0.0700
false	0.1465
false	0.0888
false	0.1915
false	0.2204
false	0.1814
false	0.1771
false	0.1498
false	0.1494
false	0.2694
false	0.0933
false	0.3419
true	0.7724
true	0.6904
false	0.2316
false	0.4152
true	0.5466
false	0.4555
false	0.2845
false	0.2764
false	0.1472
false	0.4276
false	0.1371
false	0.1721
true	0.7771
false	0.2241
false	0.4523
true	0.8200
false	0.3452
false	0.3460
true	0.7159
true	0.8669
false	0.1307
true	0.8365
true	0.6385
false	0.2398
false	0.2222
true	0.9163
true	0.7552
true	0.9041
true	0.7379
true	0.8870
true	0.7742
false	0.0966
true	0.5982
true	0.8939
false	0.3802
true	0.6686
true	0.8676
true	0.6904
true	0.9752
false	0.4963
true	0.9896
false	0.2908
false	0.4929
false	0.0483
false	0.0375
false	0.3724
false	0.3271
false	0.3919
false	0.1837
false	0.1670
false	0.1414
false	0.1917
true	0.5264
false	0.0613
false	0.2536
false	0.1098
false	0.2810
false	0.1498
false	0.2230
false	0.1529
false	0.1504
false	0.0665
false	0.1296
false	0.0189
false	0.0916
false	0.0916
false	0.0535
false	0.0951
false	0.0851
false	0.4026
false	0.0299
true	0.5260
false	0.0947
false	0.1232
true	0.6894
false	0.2398
false	0.0565
true	0.8421
false	0.2398
false	0.2016
false	0.0806
false	0.1416
false	0.1103
false	0.3355
false	0.2016
false	0.0644
false	0.0594
true	0.7441
false	0.2214
false	0.1123
false	0.1771
false	0.1769
false	0.0888
false	0.0644
false	0.1465
false	0.0866
false	0.0146
true	0.6058
false	0.1568
false	0.0512
false	0.1593
false	0.1416
false	0.1416
true	0.6678
false	0.1517
false	0.0700
false	0.1004
false	0.2398
false	0.1700
false	0.0270
false	0.1494
false	0.2908
true	0.8912
true	0.6273
false	0.1270
false	0.1170
false	0.4815
false	0.0806
true	0.8245
true	0.6578
true	0.9330
false	0.4948
true	0.8459
true	0.6119
false	0.1343
false	0.4052
false	0.3042
true	0.9276
false	0.1053
true	0.5322
true	0.8408
true	0.7796
true	0.5094
false	0.2825
true	0.7408
false	0.0626
false	0.2039
false	0.1744
false	0.3583
false	0.1414
false	0.4391
false	0.1354
false	0.3244
false	0.0916
false	0.2714
false	0.1235
false	0.1837
false	0.1073
false	0.1437
false	0.4439
false	0.0575
false	0.3737
false	0.0988
false	0.0988
false	0.1648
false	0.2824
false	0.1172
false	0.0675
false	0.1662
false	0.1488
false	0.1342
false	0.1354
false	0.1488
true	0.8594
true	0.7305
true	0.5008
true	0.9787
false	0.4122
true	0.9104
true	0.6502
true	0.7585
false	0.0780
false	0.0527
true	0.7567
false	0.2051
false	0.1984
true	0.5729
true	0.9939
true	0.9870
true	0.8648
false	0.4849
false	0.1416
false	0.0510
true	0.8520
true	0.6883
false	0.2251
false	0.4660
false	0.2334
true	0.9591
false	0.1298
false	0.0299
false	0.0375
false	0.3326
false	0.0239
false	0.1835
false	0.0888
false	0.3227
false	0.2709
false	0.1517
false	0.3227
false	0.0299
false	0.4087
false	0.0607
false	0.0594
true	0.5442
false	0.0700
false	0.0644
false	0.0667
false	0.2709
false	0.3535
false	0.0644
false	0.0594
false	0.0952
false	0.1529
false	0.4566
false	0.2279
false	0.2641
false	0.1555
false	0.1911
false	0.0700
false	0.1052
false	0.1305
false	0.0644
false	0.1915
false	0.1911
true	0.5600
false	0.1915
true	0.6005
false	0.4459
false	0.1911
false	0.0888
false	0.0644
false	0.2490
true	0.6527
false	0.2920
false	0.1911
false	0.1918
false	0.1911
true	0.5278
false	0.0667
false	0.1260
true	0.8678
true	0.7499
false	0.1042
false	0.2526
true	0.7024
false	0.4566
false	0.3678
false	0.1488
false	0.1354
false	0.0951
false	0.1828
false	0.4122
false	0.3044
true	0.7997
false	0.1378
false	0.1123
false	0.0928
true	0.8757
false	0.1758
true	0.5852
false	0.0996
false	0.0627
true	0.6894
false	0.3345
false	0.2528
false	0.0604
false	0.0360
false	0.0985
false	0.2889
false	0.1837
false	0.1414
false	0.1986
false	0.2764
false	0.0996
false	0.1371
false	0.1837
false	0.1909
false	0.3153
false	0.0559
false	0.0919
false	0.1260
false	0.3485
false	0.0951
false	0.4873
false	0.1933
false	0.0732
false	0.1354
false	0.0976
false	0.0943
false	0.1127
false	0.1517
false	0.1517
false	0.3733
false	0.1182
false	0.0312
false	0.1182
false	0.0239
false	0.1835
false	0.0565
false	0.3210
false	0.0798
false	0.1769
false	0.0594
false	0.2214
false	0.0146
false	0.0299
false	0.0189
false	0.0570
false	0.1103
false	0.0510
false	0.1529
false	0.1123
false	0.1305
false	0.1517
false	0.1465
false	0.1814
true	0.7712
false	0.2845
true	0.5400
false	0.2845
false	0.0996
true	0.5400
true	0.9070
false	0.1488
true	0.8044
false	0.1873
true	0.5459
false	0.0912
false	0.0912
false	0.0613
false	0.2845
true	0.9922
false	0.2316
true	0.9132
false	0.2316
false	0.3328
false	0.3733
false	0.3788
false	0.1298
true	0.7552
false	0.0888
false	0.0888
false	0.1517
false	0.1517
false	0.0614
false	0.2050
false	0.3038
false	0.1568
false	0.0746
false	0.2111
false	0.1626
false	0.0866
false	0.4046
false	0.0700
false	0.0644
false	0.1915
false	0.1696
false	0.1814
false	0.1305
false	0.1517
false	0.0644
false	0.0226
false	0.0798
false	0.1465
false	0.0984
false	0.1644
false	0.0697
false	0.1416
true	0.6107
true	0.5233
false	0.0247
false	0.1837
false	0.0996
false	0.1262
false	0.1052
false	0.0540
false	0.0700
false	0.0700
false	0.0594
false	0.0888
false	0.0594
false	0.2214
false	0.1696
false	0.1644
false	0.0506
true	0.8949
false	0.1498
true	0.8006
false	0.1298
false	0.1120
false	0.2051
false	0.4566
false	0.1498
false	0.1748
false	0.0547
true	0.5049
false	0.4122
false	0.1354
false	0.4566
true	0.5253
false	0.0560
false	0.0377
true	0.9314
true	0.7546
true	0.9746
false	0.2577
false	0.3319
false	0.2859
false	0.1618
true	0.9881
true	0.7585
true	0.8278
false	0.0944
true	0.5289
false	0.0922
false	0.4451
true	0.7502
false	0.1687
true	0.8232
true	0.7101
false	0.1687
true	0.9579
false	0.3153
true	0.5848
true	0.7903
false	0.2845
false	0.0753
false	0.0831
false	0.1700
false	0.0682
false	0.1700
false	0.0644
false	0.0793
false	0.0793
false	0.4810
false	0.4631
false	0.2084
false	0.0888
false	0.1769
false	0.0888
true	0.6307
false	0.2111
false	0.0888
false	0.0774
false	0.0682
false	0.1132
false	0.0682
false	0.0831
false	0.1700
false	0.0774
false	0.1132
false	0.0682
false	0.1132
false	0.0682
false	0.0753
